2026-05-21 18:34:21.628 [info] [main] Log level: Info
2026-05-21 18:34:21.629 [info] [main] Validating found git in: "/opt/homebrew/bin/git"
2026-05-21 18:34:21.649 [info] [main] Using git "2.52.0" from "/opt/homebrew/bin/git"
2026-05-21 18:34:21.649 [info] [Model][doInitialScan] Initial repository scan started
2026-05-21 18:34:21.650 [info] [Model][doInitialScan] Initial repository scan completed - repositories (0), closed repositories (0), parent repositories (0), unsafe repositories (0)
2026-05-21 18:37:18.563 [info] [main] Log level: Info
2026-05-21 18:37:18.584 [info] [main] Validating found git in: "/opt/homebrew/bin/git"
2026-05-21 18:37:18.609 [info] [main] Using git "2.52.0" from "/opt/homebrew/bin/git"
2026-05-21 18:37:18.609 [info] [Model][doInitialScan] Initial repository scan started
2026-05-21 18:37:18.636 [info] > git rev-parse --show-toplevel [17ms]
2026-05-21 18:37:18.663 [info] > git rev-parse --git-dir --git-common-dir --show-superproject-working-tree [26ms]
2026-05-21 18:37:18.670 [info] [Model][openRepository] Opened repository (path): /Users/andreaschneeweiss/Documents/centro-2026/diseno-digital/Anatomia_de_un_suelo
2026-05-21 18:37:18.670 [info] [Model][openRepository] Opened repository (real path): /Users/andreaschneeweiss/Documents/centro-2026/diseno-digital/Anatomia_de_un_suelo
2026-05-21 18:37:18.670 [info] [Model][openRepository] Opened repository (kind): repository
2026-05-21 18:37:18.697 [info] > git config --get commit.template [22ms]
2026-05-21 18:37:18.697 [info] > git rev-parse --show-toplevel [22ms]
2026-05-21 18:37:18.704 [info] > git for-each-ref --format=%(refname)%00%(upstream:short)%00%(objectname)%00%(upstream:track)%00%(upstream:remotename)%00%(upstream:remoteref) --ignore-case refs/heads/main refs/remotes/main [18ms]
2026-05-21 18:37:18.709 [info] > git rev-parse --show-toplevel [9ms]
2026-05-21 18:37:18.729 [info] > git rev-parse --show-toplevel [20ms]
2026-05-21 18:37:18.802 [info] > git rev-parse --show-toplevel [41ms]
2026-05-21 18:37:18.803 [info] [Model][doInitialScan] Initial repository scan completed - repositories (1), closed repositories (0), parent repositories (0), unsafe repositories (0)
2026-05-21 18:37:18.804 [info] > git for-each-ref --sort -committerdate --format %(refname)%00%(objectname)%00%(*objectname) [77ms]
2026-05-21 18:37:18.990 [info] > git status -z -uall [266ms]
2026-05-21 18:37:19.507 [info] > git check-ignore -v -z --stdin [498ms]
2026-05-21 18:37:19.512 [info] > git config --get commit.template [504ms]
2026-05-21 18:37:19.512 [info] > git fetch [842ms]
2026-05-21 18:37:19.524 [info] > git check-ignore -v -z --stdin [30ms]
2026-05-21 18:37:19.525 [info] > git for-each-ref --format=%(refname)%00%(upstream:short)%00%(objectname)%00%(upstream:track)%00%(upstream:remotename)%00%(upstream:remoteref) --ignore-case refs/heads/main refs/remotes/main [523ms]
2026-05-21 18:37:19.541 [info] > git show --textconv :index.html [15ms]
2026-05-21 18:37:19.542 [info] > git config --get --local branch.main.vscode-merge-base [17ms]
2026-05-21 18:37:19.542 [warning] [Git][config] git config failed: Failed to execute git
2026-05-21 18:37:19.542 [info] > git config --get commit.template [19ms]
2026-05-21 18:37:19.543 [info] > git ls-files --stage -- index.html [16ms]
2026-05-21 18:37:19.544 [info] > git for-each-ref --format=%(refname)%00%(upstream:short)%00%(objectname)%00%(upstream:track)%00%(upstream:remotename)%00%(upstream:remoteref) --ignore-case refs/heads/main refs/remotes/main [14ms]
2026-05-21 18:37:19.589 [info] > git reflog main --grep-reflog=branch: Created from *. [47ms]
2026-05-21 18:37:19.594 [info] > git cat-file -s 1508dbf629b38446139f818aa3583ba37173c799 [51ms]
2026-05-21 18:37:19.594 [info] > git for-each-ref --format=%(refname)%00%(upstream:short)%00%(objectname)%00%(upstream:track)%00%(upstream:remotename)%00%(upstream:remoteref) --ignore-case refs/heads/main refs/remotes/main [53ms]
2026-05-21 18:37:19.597 [info] > git config --get commit.template [9ms]
2026-05-21 18:37:19.602 [info] > git symbolic-ref --short refs/remotes/origin/HEAD [13ms]
2026-05-21 18:37:19.614 [info] > git for-each-ref --format=%(refname)%00%(upstream:short)%00%(objectname)%00%(upstream:track)%00%(upstream:remotename)%00%(upstream:remoteref) --ignore-case refs/heads/main refs/remotes/main [14ms]
2026-05-21 18:37:19.614 [info] > git for-each-ref --format=%(refname)%00%(upstream:short)%00%(objectname)%00%(upstream:track)%00%(upstream:remotename)%00%(upstream:remoteref) --ignore-case refs/heads/origin/main refs/remotes/origin/main [11ms]
2026-05-21 18:37:19.623 [info] > git config --add --local branch.main.vscode-merge-base origin/main [8ms]
2026-05-21 18:37:19.623 [info] > git for-each-ref --sort -committerdate --format %(refname)%00%(objectname)%00%(*objectname) [2ms] (cancelled)
2026-05-21 18:37:19.625 [info] > git status -z -uall [5ms] (cancelled)
2026-05-21 18:37:19.626 [info] > git blame --root --incremental 0e86a0e79d289b7f1d2cd02feef81e4971883fd0 -- index.html [9ms]
2026-05-21 18:37:19.631 [info] > git config --get commit.template [6ms]
2026-05-21 18:37:19.638 [info] > git for-each-ref --format=%(refname)%00%(upstream:short)%00%(objectname)%00%(upstream:track)%00%(upstream:remotename)%00%(upstream:remoteref) --ignore-case refs/heads/main refs/remotes/main [8ms]
2026-05-21 18:37:19.646 [info] > git for-each-ref --sort -committerdate --format %(refname)%00%(objectname)%00%(*objectname) [7ms]
2026-05-21 18:37:19.664 [info] > git status -z -uall [25ms]
2026-05-21 18:37:19.673 [info] > git merge-base refs/heads/main refs/remotes/origin/main [7ms]
2026-05-21 18:37:19.674 [info] > git merge-base refs/heads/main refs/remotes/origin/main [7ms]
2026-05-21 18:37:19.679 [info] > git diff --raw --numstat --diff-filter=ADMR -z --find-renames=50% 7cdd4d0fc8123d08bd97d5b26c72dbb190f614d6...refs/remotes/origin/main -- [5ms]
2026-05-21 18:37:19.680 [info] > git diff --raw --numstat --diff-filter=ADMR -z --find-renames=50% 7cdd4d0fc8123d08bd97d5b26c72dbb190f614d6...refs/remotes/origin/main -- [5ms]
2026-05-21 18:37:19.702 [info] > git check-ignore -v -z --stdin [6ms]
2026-05-21 18:37:20.776 [info] > git config --get commit.template [7ms]
2026-05-21 18:37:20.777 [info] > git for-each-ref --format=%(refname)%00%(upstream:short)%00%(objectname)%00%(upstream:track)%00%(upstream:remotename)%00%(upstream:remoteref) --ignore-case refs/heads/main refs/remotes/main [7ms]
2026-05-21 18:37:20.786 [info] > git for-each-ref --sort -committerdate --format %(refname)%00%(objectname)%00%(*objectname) [7ms]
2026-05-21 18:37:20.807 [info] > git status -z -uall [29ms]
2026-05-21 18:37:20.876 [info] > git ls-files --stage -- index.html [9ms]
2026-05-21 18:37:20.883 [info] > git cat-file -s 1508dbf629b38446139f818aa3583ba37173c799 [6ms]
2026-05-21 18:37:20.890 [info] > git show --textconv :index.html [6ms]
2026-05-21 18:37:25.823 [info] > git config --get commit.template [8ms]
2026-05-21 18:37:25.823 [info] > git for-each-ref --format=%(refname)%00%(upstream:short)%00%(objectname)%00%(upstream:track)%00%(upstream:remotename)%00%(upstream:remoteref) --ignore-case refs/heads/main refs/remotes/main [8ms]
2026-05-21 18:37:25.832 [info] > git for-each-ref --sort -committerdate --format %(refname)%00%(objectname)%00%(*objectname) [7ms]
2026-05-21 18:37:25.852 [info] > git status -z -uall [28ms]
2026-05-21 19:00:31.309 [info] > git fetch [779ms]
2026-05-21 19:00:31.321 [info] > git config --get commit.template [8ms]
2026-05-21 19:00:31.321 [info] > git for-each-ref --format=%(refname)%00%(upstream:short)%00%(objectname)%00%(upstream:track)%00%(upstream:remotename)%00%(upstream:remoteref) --ignore-case refs/heads/main refs/remotes/main [7ms]
2026-05-21 19:00:31.330 [info] > git for-each-ref --sort -committerdate --format %(refname)%00%(objectname)%00%(*objectname) [7ms]
2026-05-21 19:00:31.371 [info] > git status -z -uall [49ms]
2026-05-21 19:00:32.404 [info] > git config --get commit.template [14ms]
2026-05-21 19:00:32.404 [info] > git for-each-ref --format=%(refname)%00%(upstream:short)%00%(objectname)%00%(upstream:track)%00%(upstream:remotename)%00%(upstream:remoteref) --ignore-case refs/heads/main refs/remotes/main [13ms]
2026-05-21 19:00:32.417 [info] > git for-each-ref --sort -committerdate --format %(refname)%00%(objectname)%00%(*objectname) [10ms]
2026-05-21 19:00:32.442 [info] > git status -z -uall [36ms]
2026-05-21 19:00:32.496 [info] > git ls-files --stage -- index.html [7ms]
2026-05-21 19:00:32.504 [info] > git cat-file -s 1508dbf629b38446139f818aa3583ba37173c799 [8ms]
2026-05-21 19:00:32.511 [info] > git show --textconv :index.html [6ms]
2026-05-21 19:24:33.888 [info] > git config --get commit.template [32ms]
2026-05-21 19:24:33.890 [info] > git for-each-ref --format=%(refname)%00%(upstream:short)%00%(objectname)%00%(upstream:track)%00%(upstream:remotename)%00%(upstream:remoteref) --ignore-case refs/heads/main refs/remotes/main [23ms]
2026-05-21 19:24:33.903 [info] > git for-each-ref --sort -committerdate --format %(refname)%00%(objectname)%00%(*objectname) [9ms]
2026-05-21 19:24:33.935 [info] > git status -z -uall [43ms]
2026-05-21 19:24:34.439 [info] > git fetch [594ms]
2026-05-21 19:24:34.446 [info] > git config --get commit.template [6ms]
2026-05-21 19:24:34.447 [info] > git for-each-ref --format=%(refname)%00%(upstream:short)%00%(objectname)%00%(upstream:track)%00%(upstream:remotename)%00%(upstream:remoteref) --ignore-case refs/heads/main refs/remotes/main [7ms]
2026-05-21 19:24:34.454 [info] > git for-each-ref --sort -committerdate --format %(refname)%00%(objectname)%00%(*objectname) [6ms]
2026-05-21 19:24:34.472 [info] > git status -z -uall [25ms]
2026-05-21 19:24:35.644 [info] > git ls-files --stage -- index.html [12ms]
2026-05-21 19:24:35.653 [info] > git cat-file -s 1508dbf629b38446139f818aa3583ba37173c799 [7ms]
2026-05-21 19:24:35.661 [info] > git show --textconv :index.html [6ms]
2026-05-21 19:24:38.970 [info] > git config --get commit.template [12ms]
2026-05-21 19:24:38.973 [info] > git for-each-ref --format=%(refname)%00%(upstream:short)%00%(objectname)%00%(upstream:track)%00%(upstream:remotename)%00%(upstream:remoteref) --ignore-case refs/heads/main refs/remotes/main [13ms]
2026-05-21 19:24:38.982 [info] > git for-each-ref --sort -committerdate --format %(refname)%00%(objectname)%00%(*objectname) [8ms]
2026-05-21 19:24:39.007 [info] > git status -z -uall [34ms]
2026-05-21 19:25:12.116 [info] > git check-ignore -v -z --stdin [18ms]
2026-05-21 19:25:12.125 [info] > git ls-files --stage -- css/grid.css [7ms]
2026-05-21 19:25:12.129 [info] > git show --textconv :css/grid.css [11ms]
2026-05-21 19:25:12.134 [info] > git cat-file -s ded77631056eabc174501aef14d144c8bd10a3e3 [8ms]
2026-05-21 19:25:12.155 [info] > git blame --root --incremental 0e86a0e79d289b7f1d2cd02feef81e4971883fd0 -- css/grid.css [9ms]
2026-05-21 21:12:32.120 [info] > git fetch [604ms]
2026-05-21 21:12:32.135 [info] > git config --get commit.template [8ms]
2026-05-21 21:12:32.136 [info] > git for-each-ref --format=%(refname)%00%(upstream:short)%00%(objectname)%00%(upstream:track)%00%(upstream:remotename)%00%(upstream:remoteref) --ignore-case refs/heads/main refs/remotes/main [8ms]
2026-05-21 21:12:32.144 [info] > git for-each-ref --sort -committerdate --format %(refname)%00%(objectname)%00%(*objectname) [6ms]
2026-05-21 21:12:32.191 [info] > git status -z -uall [54ms]
2026-05-21 21:12:32.884 [info] > git check-ignore -v -z --stdin [6ms]
2026-05-21 21:12:32.893 [info] > git ls-files --stage -- index.html [6ms]
2026-05-21 21:12:32.894 [info] > git show --textconv :index.html [8ms]
2026-05-21 21:12:32.898 [info] > git cat-file -s 1508dbf629b38446139f818aa3583ba37173c799 [5ms]
2026-05-21 21:12:33.210 [info] > git config --get commit.template [6ms]
2026-05-21 21:12:33.211 [info] > git for-each-ref --format=%(refname)%00%(upstream:short)%00%(objectname)%00%(upstream:track)%00%(upstream:remotename)%00%(upstream:remoteref) --ignore-case refs/heads/main refs/remotes/main [7ms]
2026-05-21 21:12:33.221 [info] > git for-each-ref --sort -committerdate --format %(refname)%00%(objectname)%00%(*objectname) [8ms]
2026-05-21 21:12:33.239 [info] > git status -z -uall [27ms]
2026-05-21 21:12:33.314 [info] > git ls-files --stage -- index.html [7ms]
2026-05-21 21:12:33.323 [info] > git cat-file -s 1508dbf629b38446139f818aa3583ba37173c799 [7ms]
2026-05-21 21:12:33.330 [info] > git show --textconv :index.html [6ms]
2026-05-21 21:12:38.262 [info] > git config --get commit.template [11ms]
2026-05-21 21:12:38.263 [info] > git for-each-ref --format=%(refname)%00%(upstream:short)%00%(objectname)%00%(upstream:track)%00%(upstream:remotename)%00%(upstream:remoteref) --ignore-case refs/heads/main refs/remotes/main [10ms]
2026-05-21 21:12:38.272 [info] > git for-each-ref --sort -committerdate --format %(refname)%00%(objectname)%00%(*objectname) [8ms]
2026-05-21 21:12:38.298 [info] > git status -z -uall [34ms]
2026-05-21 21:12:41.538 [info] > git check-ignore -v -z --stdin [8ms]
2026-05-21 21:12:42.185 [info] > git check-ignore -v -z --stdin [6ms]
2026-05-21 21:12:43.312 [info] > git config --get commit.template [7ms]
2026-05-21 21:12:43.313 [info] > git for-each-ref --format=%(refname)%00%(upstream:short)%00%(objectname)%00%(upstream:track)%00%(upstream:remotename)%00%(upstream:remoteref) --ignore-case refs/heads/main refs/remotes/main [7ms]
2026-05-21 21:12:43.320 [info] > git for-each-ref --sort -committerdate --format %(refname)%00%(objectname)%00%(*objectname) [6ms]
2026-05-21 21:12:43.337 [info] > git status -z -uall [23ms]
2026-05-21 21:12:45.473 [info] > git check-ignore -v -z --stdin [35ms]
2026-05-21 21:12:58.670 [info] > git check-ignore -v -z --stdin [16ms]
2026-05-21 21:13:24.161 [info] > git config --get commit.template [87ms]
2026-05-21 21:13:24.203 [info] > git for-each-ref --format=%(refname)%00%(upstream:short)%00%(objectname)%00%(upstream:track)%00%(upstream:remotename)%00%(upstream:remoteref) --ignore-case refs/heads/main refs/remotes/main [116ms]
2026-05-21 21:13:24.212 [info] > git for-each-ref --sort -committerdate --format %(refname)%00%(objectname)%00%(*objectname) [8ms]
2026-05-21 21:13:24.373 [info] > git status -z -uall [169ms]
2026-05-21 21:13:24.750 [info] > git check-ignore -v -z --stdin [8ms]
2026-05-21 21:13:29.388 [info] > git config --get commit.template [7ms]
2026-05-21 21:13:29.389 [info] > git for-each-ref --format=%(refname)%00%(upstream:short)%00%(objectname)%00%(upstream:track)%00%(upstream:remotename)%00%(upstream:remoteref) --ignore-case refs/heads/main refs/remotes/main [7ms]
2026-05-21 21:13:29.397 [info] > git for-each-ref --sort -committerdate --format %(refname)%00%(objectname)%00%(*objectname) [7ms]
2026-05-21 21:13:29.416 [info] > git status -z -uall [26ms]
2026-05-21 22:15:12.285 [info] > git fetch [1316ms]
2026-05-21 22:15:12.297 [info] > git config --get commit.template [7ms]
2026-05-21 22:15:12.299 [info] > git for-each-ref --format=%(refname)%00%(upstream:short)%00%(objectname)%00%(upstream:track)%00%(upstream:remotename)%00%(upstream:remoteref) --ignore-case refs/heads/main refs/remotes/main [5ms]
2026-05-21 22:15:12.306 [info] > git for-each-ref --sort -committerdate --format %(refname)%00%(objectname)%00%(*objectname) [5ms]
2026-05-21 22:15:12.339 [info] > git status -z -uall [38ms]
2026-05-21 22:15:13.281 [info] > git check-ignore -v -z --stdin [9ms]
2026-05-21 22:15:13.379 [info] > git config --get commit.template [5ms]
2026-05-21 22:15:13.380 [info] > git for-each-ref --format=%(refname)%00%(upstream:short)%00%(objectname)%00%(upstream:track)%00%(upstream:remotename)%00%(upstream:remoteref) --ignore-case refs/heads/main refs/remotes/main [5ms]
2026-05-21 22:15:13.387 [info] > git for-each-ref --sort -committerdate --format %(refname)%00%(objectname)%00%(*objectname) [6ms]
2026-05-21 22:15:13.404 [info] > git status -z -uall [23ms]
2026-05-21 22:15:13.479 [info] > git ls-files --stage -- index.html [6ms]
2026-05-21 22:15:13.486 [info] > git cat-file -s 1508dbf629b38446139f818aa3583ba37173c799 [6ms]
2026-05-21 22:15:13.494 [info] > git show --textconv :index.html [6ms]
2026-05-21 22:15:13.977 [info] > git check-ignore -v -z --stdin [6ms]
2026-05-21 22:15:18.428 [info] > git config --get commit.template [15ms]
2026-05-21 22:15:18.430 [info] > git for-each-ref --format=%(refname)%00%(upstream:short)%00%(objectname)%00%(upstream:track)%00%(upstream:remotename)%00%(upstream:remoteref) --ignore-case refs/heads/main refs/remotes/main [16ms]
2026-05-21 22:15:18.441 [info] > git for-each-ref --sort -committerdate --format %(refname)%00%(objectname)%00%(*objectname) [9ms]
2026-05-21 22:15:18.464 [info] > git status -z -uall [33ms]
2026-05-21 22:18:57.047 [info] > git config --get commit.template [88ms]
2026-05-21 22:18:57.082 [info] > git for-each-ref --format=%(refname)%00%(upstream:short)%00%(objectname)%00%(upstream:track)%00%(upstream:remotename)%00%(upstream:remoteref) --ignore-case refs/heads/main refs/remotes/main [114ms]
2026-05-21 22:18:57.124 [info] > git for-each-ref --sort -committerdate --format %(refname)%00%(objectname)%00%(*objectname) [34ms]
2026-05-21 22:18:57.356 [info] > git status -z -uall [266ms]
2026-05-21 22:18:57.810 [info] > git fetch [853ms]
2026-05-21 22:18:57.817 [info] > git config --get commit.template [6ms]
2026-05-21 22:18:57.817 [info] > git for-each-ref --format=%(refname)%00%(upstream:short)%00%(objectname)%00%(upstream:track)%00%(upstream:remotename)%00%(upstream:remoteref) --ignore-case refs/heads/main refs/remotes/main [5ms]
2026-05-21 22:18:57.825 [info] > git for-each-ref --sort -committerdate --format %(refname)%00%(objectname)%00%(*objectname) [6ms]
2026-05-21 22:18:57.844 [info] > git status -z -uall [26ms]
2026-05-21 22:18:59.036 [info] > git ls-files --stage -- index.html [15ms]
2026-05-21 22:18:59.060 [info] > git cat-file -s 1508dbf629b38446139f818aa3583ba37173c799 [22ms]
2026-05-21 22:18:59.102 [info] > git show --textconv :index.html [15ms]
2026-05-21 22:19:02.382 [info] > git config --get commit.template [9ms]
2026-05-21 22:19:02.385 [info] > git for-each-ref --format=%(refname)%00%(upstream:short)%00%(objectname)%00%(upstream:track)%00%(upstream:remotename)%00%(upstream:remoteref) --ignore-case refs/heads/main refs/remotes/main [10ms]
2026-05-21 22:19:02.396 [info] > git for-each-ref --sort -committerdate --format %(refname)%00%(objectname)%00%(*objectname) [9ms]
2026-05-21 22:19:02.420 [info] > git status -z -uall [33ms]
2026-05-21 22:19:53.194 [info] > git check-ignore -v -z --stdin [20ms]
2026-05-21 22:19:58.711 [info] > git check-ignore -v -z --stdin [6ms]
2026-05-21 22:19:59.764 [info] > git check-ignore -v -z --stdin [8ms]
2026-05-21 22:20:46.150 [info] > git check-ignore -v -z --stdin [25ms]
2026-05-21 22:20:47.161 [info] > git check-ignore -v -z --stdin [6ms]
2026-05-21 22:20:48.173 [info] > git check-ignore -v -z --stdin [9ms]
2026-05-21 22:20:49.188 [info] > git check-ignore -v -z --stdin [13ms]
2026-05-21 22:21:03.541 [info] > git check-ignore -v -z --stdin [8ms]
2026-05-21 22:22:52.707 [info] > git fetch [696ms]
2026-05-21 22:22:52.718 [info] > git config --get commit.template [9ms]
2026-05-21 22:22:52.719 [info] > git for-each-ref --format=%(refname)%00%(upstream:short)%00%(objectname)%00%(upstream:track)%00%(upstream:remotename)%00%(upstream:remoteref) --ignore-case refs/heads/main refs/remotes/main [9ms]
2026-05-21 22:22:52.730 [info] > git for-each-ref --sort -committerdate --format %(refname)%00%(objectname)%00%(*objectname) [9ms]
2026-05-21 22:22:52.815 [info] > git status -z -uall [94ms]
2026-05-21 22:22:53.904 [info] > git ls-files --stage -- index.html [7ms]
2026-05-21 22:22:53.918 [info] > git cat-file -s 1508dbf629b38446139f818aa3583ba37173c799 [12ms]
2026-05-21 22:22:53.926 [info] > git show --textconv :index.html [6ms]
2026-05-21 22:22:56.437 [info] > git config --get commit.template [9ms]
2026-05-21 22:22:56.437 [info] > git for-each-ref --format=%(refname)%00%(upstream:short)%00%(objectname)%00%(upstream:track)%00%(upstream:remotename)%00%(upstream:remoteref) --ignore-case refs/heads/main refs/remotes/main [8ms]
2026-05-21 22:22:56.446 [info] > git for-each-ref --sort -committerdate --format %(refname)%00%(objectname)%00%(*objectname) [7ms]
2026-05-21 22:22:56.471 [info] > git status -z -uall [33ms]
2026-05-21 22:22:58.197 [info] > git check-ignore -v -z --stdin [9ms]
2026-05-21 22:23:01.124 [info] > git check-ignore -v -z --stdin [12ms]
2026-05-21 22:23:02.252 [info] > git config --get commit.template [8ms]
2026-05-21 22:23:02.253 [info] > git for-each-ref --format=%(refname)%00%(upstream:short)%00%(objectname)%00%(upstream:track)%00%(upstream:remotename)%00%(upstream:remoteref) --ignore-case refs/heads/main refs/remotes/main [8ms]
2026-05-21 22:23:02.261 [info] > git for-each-ref --sort -committerdate --format %(refname)%00%(objectname)%00%(*objectname) [7ms]
2026-05-21 22:23:02.281 [info] > git status -z -uall [27ms]
2026-05-21 22:23:09.287 [info] > git config --get commit.template [10ms]
2026-05-21 22:23:09.288 [info] > git for-each-ref --format=%(refname)%00%(upstream:short)%00%(objectname)%00%(upstream:track)%00%(upstream:remotename)%00%(upstream:remoteref) --ignore-case refs/heads/main refs/remotes/main [11ms]
2026-05-21 22:23:09.299 [info] > git for-each-ref --sort -committerdate --format %(refname)%00%(objectname)%00%(*objectname) [9ms]
2026-05-21 22:23:09.324 [info] > git status -z -uall [35ms]
2026-05-21 22:23:16.831 [info] > git config --get commit.template [68ms]
2026-05-21 22:23:16.837 [info] > git for-each-ref --format=%(refname)%00%(upstream:short)%00%(objectname)%00%(upstream:track)%00%(upstream:remotename)%00%(upstream:remoteref) --ignore-case refs/heads/main refs/remotes/main [73ms]
2026-05-21 22:23:16.847 [info] > git for-each-ref --sort -committerdate --format %(refname)%00%(objectname)%00%(*objectname) [9ms]
2026-05-21 22:23:16.880 [info] > git status -z -uall [42ms]
2026-05-21 22:23:25.577 [info] > git check-ignore -v -z --stdin [10ms]
2026-05-21 22:23:26.585 [info] > git check-ignore -v -z --stdin [6ms]
2026-05-21 22:23:32.835 [info] > git check-ignore -v -z --stdin [11ms]
2026-05-21 22:23:33.858 [info] > git check-ignore -v -z --stdin [5ms]
2026-05-21 22:23:34.866 [info] > git check-ignore -v -z --stdin [6ms]
2026-05-21 22:23:37.572 [info] > git config --get commit.template [9ms]
2026-05-21 22:23:37.574 [info] > git for-each-ref --format=%(refname)%00%(upstream:short)%00%(objectname)%00%(upstream:track)%00%(upstream:remotename)%00%(upstream:remoteref) --ignore-case refs/heads/main refs/remotes/main [10ms]
2026-05-21 22:23:37.583 [info] > git for-each-ref --sort -committerdate --format %(refname)%00%(objectname)%00%(*objectname) [7ms]
2026-05-21 22:23:37.651 [info] > git status -z -uall [76ms]
2026-05-21 22:23:46.584 [info] > git config --get commit.template [59ms]
2026-05-21 22:23:46.587 [info] > git for-each-ref --format=%(refname)%00%(upstream:short)%00%(objectname)%00%(upstream:track)%00%(upstream:remotename)%00%(upstream:remoteref) --ignore-case refs/heads/main refs/remotes/main [50ms]
2026-05-21 22:23:46.605 [info] > git for-each-ref --sort -committerdate --format %(refname)%00%(objectname)%00%(*objectname) [15ms]
2026-05-21 22:23:46.626 [info] > git status -z -uall [38ms]
2026-05-21 22:23:47.344 [info] > git check-ignore -v -z --stdin [13ms]
2026-05-21 22:23:48.355 [info] > git check-ignore -v -z --stdin [5ms]
2026-05-21 22:23:49.366 [info] > git check-ignore -v -z --stdin [6ms]
2026-05-21 22:23:50.376 [info] > git check-ignore -v -z --stdin [5ms]
2026-05-21 22:23:51.385 [info] > git check-ignore -v -z --stdin [6ms]
2026-05-21 22:23:52.400 [info] > git check-ignore -v -z --stdin [10ms]
2026-05-21 22:23:53.410 [info] > git check-ignore -v -z --stdin [6ms]
2026-05-21 22:23:55.038 [info] > git check-ignore -v -z --stdin [15ms]
2026-05-21 22:23:56.715 [info] > git check-ignore -v -z --stdin [8ms]
2026-05-21 22:23:59.433 [info] > git config --get commit.template [11ms]
2026-05-21 22:23:59.435 [info] > git for-each-ref --format=%(refname)%00%(upstream:short)%00%(objectname)%00%(upstream:track)%00%(upstream:remotename)%00%(upstream:remoteref) --ignore-case refs/heads/main refs/remotes/main [12ms]
2026-05-21 22:23:59.444 [info] > git for-each-ref --sort -committerdate --format %(refname)%00%(objectname)%00%(*objectname) [7ms]
2026-05-21 22:23:59.477 [info] > git status -z -uall [41ms]
2026-05-21 22:28:18.266 [info] > git config --get commit.template [120ms]
2026-05-21 22:28:18.313 [info] > git for-each-ref --format=%(refname)%00%(upstream:short)%00%(objectname)%00%(upstream:track)%00%(upstream:remotename)%00%(upstream:remoteref) --ignore-case refs/heads/main refs/remotes/main [165ms]
2026-05-21 22:28:18.322 [info] > git for-each-ref --sort -committerdate --format %(refname)%00%(objectname)%00%(*objectname) [7ms]
2026-05-21 22:28:18.499 [info] > git status -z -uall [185ms]
2026-05-21 22:28:18.942 [info] > git fetch [805ms]
2026-05-21 22:28:18.949 [info] > git config --get commit.template [6ms]
2026-05-21 22:28:18.949 [info] > git for-each-ref --format=%(refname)%00%(upstream:short)%00%(objectname)%00%(upstream:track)%00%(upstream:remotename)%00%(upstream:remoteref) --ignore-case refs/heads/main refs/remotes/main [5ms]
2026-05-21 22:28:18.958 [info] > git for-each-ref --sort -committerdate --format %(refname)%00%(objectname)%00%(*objectname) [7ms]
2026-05-21 22:28:18.976 [info] > git status -z -uall [26ms]
2026-05-21 22:28:20.146 [info] > git ls-files --stage -- index.html [19ms]
2026-05-21 22:28:20.163 [info] > git cat-file -s 1508dbf629b38446139f818aa3583ba37173c799 [16ms]
2026-05-21 22:28:20.174 [info] > git show --textconv :index.html [10ms]
2026-05-21 22:28:23.515 [info] > git config --get commit.template [8ms]
2026-05-21 22:28:23.516 [info] > git for-each-ref --format=%(refname)%00%(upstream:short)%00%(objectname)%00%(upstream:track)%00%(upstream:remotename)%00%(upstream:remoteref) --ignore-case refs/heads/main refs/remotes/main [8ms]
2026-05-21 22:28:23.524 [info] > git for-each-ref --sort -committerdate --format %(refname)%00%(objectname)%00%(*objectname) [6ms]
2026-05-21 22:28:23.544 [info] > git status -z -uall [27ms]
2026-05-21 22:30:05.069 [info] > git config --get commit.template [43ms]
2026-05-21 22:30:05.076 [info] > git for-each-ref --format=%(refname)%00%(upstream:short)%00%(objectname)%00%(upstream:track)%00%(upstream:remotename)%00%(upstream:remoteref) --ignore-case refs/heads/main refs/remotes/main [49ms]
2026-05-21 22:30:05.084 [info] > git for-each-ref --sort -committerdate --format %(refname)%00%(objectname)%00%(*objectname) [6ms]
2026-05-21 22:30:05.127 [info] > git status -z -uall [50ms]
2026-05-21 22:30:54.134 [info] > git check-ignore -v -z --stdin [39ms]
2026-05-21 22:30:55.198 [info] > git check-ignore -v -z --stdin [8ms]
2026-05-21 22:31:01.693 [info] > git check-ignore -v -z --stdin [18ms]
2026-05-21 22:31:02.937 [info] > git check-ignore -v -z --stdin [13ms]
2026-05-21 22:31:05.167 [info] > git check-ignore -v -z --stdin [15ms]
2026-05-21 22:31:06.175 [info] > git check-ignore -v -z --stdin [6ms]
2026-05-21 22:31:17.803 [info] > git check-ignore -v -z --stdin [22ms]
2026-05-21 22:31:19.686 [info] > git fetch [700ms]
2026-05-21 22:31:19.696 [info] > git config --get commit.template [7ms]
2026-05-21 22:31:19.697 [info] > git for-each-ref --format=%(refname)%00%(upstream:short)%00%(objectname)%00%(upstream:track)%00%(upstream:remotename)%00%(upstream:remoteref) --ignore-case refs/heads/main refs/remotes/main [7ms]
2026-05-21 22:31:19.706 [info] > git for-each-ref --sort -committerdate --format %(refname)%00%(objectname)%00%(*objectname) [7ms]
2026-05-21 22:31:19.744 [info] > git status -z -uall [46ms]
2026-05-21 22:31:19.990 [info] > git check-ignore -v -z --stdin [6ms]
2026-05-21 22:31:20.768 [info] > git config --get commit.template [5ms]
2026-05-21 22:31:20.769 [info] > git for-each-ref --format=%(refname)%00%(upstream:short)%00%(objectname)%00%(upstream:track)%00%(upstream:remotename)%00%(upstream:remoteref) --ignore-case refs/heads/main refs/remotes/main [5ms]
2026-05-21 22:31:20.776 [info] > git for-each-ref --sort -committerdate --format %(refname)%00%(objectname)%00%(*objectname) [6ms]
2026-05-21 22:31:20.793 [info] > git status -z -uall [23ms]
2026-05-21 22:31:20.869 [info] > git ls-files --stage -- index.html [6ms]
2026-05-21 22:31:20.876 [info] > git cat-file -s 1508dbf629b38446139f818aa3583ba37173c799 [6ms]
2026-05-21 22:31:20.882 [info] > git show --textconv :index.html [5ms]
2026-05-21 22:31:20.998 [info] > git check-ignore -v -z --stdin [6ms]
2026-05-21 22:31:22.008 [info] > git check-ignore -v -z --stdin [6ms]
2026-05-21 22:31:27.272 [info] > git config --get commit.template [32ms]
2026-05-21 22:31:27.274 [info] > git for-each-ref --format=%(refname)%00%(upstream:short)%00%(objectname)%00%(upstream:track)%00%(upstream:remotename)%00%(upstream:remoteref) --ignore-case refs/heads/main refs/remotes/main [29ms]
2026-05-21 22:31:27.283 [info] > git for-each-ref --sort -committerdate --format %(refname)%00%(objectname)%00%(*objectname) [7ms]
2026-05-21 22:31:27.303 [info] > git status -z -uall [28ms]
2026-05-21 23:01:44.098 [info] > git config --get commit.template [21ms]
2026-05-21 23:01:44.100 [info] > git for-each-ref --format=%(refname)%00%(upstream:short)%00%(objectname)%00%(upstream:track)%00%(upstream:remotename)%00%(upstream:remoteref) --ignore-case refs/heads/main refs/remotes/main [23ms]
2026-05-21 23:01:44.112 [info] > git for-each-ref --sort -committerdate --format %(refname)%00%(objectname)%00%(*objectname) [7ms]
2026-05-21 23:01:44.171 [info] > git status -z -uall [69ms]
2026-05-21 23:01:44.734 [info] > git fetch [669ms]
2026-05-21 23:01:44.742 [info] > git config --get commit.template [6ms]
2026-05-21 23:01:44.743 [info] > git for-each-ref --format=%(refname)%00%(upstream:short)%00%(objectname)%00%(upstream:track)%00%(upstream:remotename)%00%(upstream:remoteref) --ignore-case refs/heads/main refs/remotes/main [7ms]
2026-05-21 23:01:44.752 [info] > git for-each-ref --sort -committerdate --format %(refname)%00%(objectname)%00%(*objectname) [8ms]
2026-05-21 23:01:44.774 [info] > git status -z -uall [30ms]
2026-05-21 23:01:45.936 [info] > git ls-files --stage -- index.html [12ms]
2026-05-21 23:01:45.950 [info] > git cat-file -s 1508dbf629b38446139f818aa3583ba37173c799 [12ms]
2026-05-21 23:01:45.960 [info] > git show --textconv :index.html [7ms]
2026-05-21 23:02:13.952 [info] > git config --get commit.template [71ms]
2026-05-21 23:02:13.967 [info] > git for-each-ref --format=%(refname)%00%(upstream:short)%00%(objectname)%00%(upstream:track)%00%(upstream:remotename)%00%(upstream:remoteref) --ignore-case refs/heads/main refs/remotes/main [61ms]
2026-05-21 23:02:13.979 [info] > git for-each-ref --sort -committerdate --format %(refname)%00%(objectname)%00%(*objectname) [9ms]
2026-05-21 23:02:14.122 [info] > git status -z -uall [154ms]
2026-05-21 23:02:15.638 [info] > git log --format=%H%n%aN%n%aE%n%at%n%ct%n%P%n%D%n%B -z --shortstat --diff-merges=first-parent -n50 --skip=0 --topo-order --decorate=full --stdin [90ms]
2026-05-21 23:02:16.155 [info] > git check-ignore -v -z --stdin [10ms]
2026-05-21 23:02:16.452 [info] > git merge-base main origin/main [12ms]
2026-05-21 23:02:16.780 [info] > git add -A -- . [35ms]
2026-05-21 23:02:17.276 [info] > git check-ignore -v -z --stdin [21ms]
2026-05-21 23:02:17.285 [info] > git show --textconv :.git/COMMIT_EDITMSG [7ms]
2026-05-21 23:02:17.288 [info] > git ls-files --stage -- .git/COMMIT_EDITMSG [9ms]
2026-05-21 23:02:17.293 [info] > git hash-object -t tree /dev/null [7ms]
2026-05-21 23:02:17.294 [warning] [GitFileSystemProvider][readFile] File not found - git:/Users/andreaschneeweiss/Documents/centro-2026/diseno-digital/Anatomia_de_un_suelo/.git/COMMIT_EDITMSG.git?%7B%22path%22%3A%22%2FUsers%2Fandreaschneeweiss%2FDocuments%2Fcentro-2026%2Fdiseno-digital%2FAnatomia_de_un_suelo%2F.git%2FCOMMIT_EDITMSG%22%2C%22ref%22%3A%22%22%7D
2026-05-21 23:02:17.294 [info] > git hash-object -t tree /dev/null [6ms]
2026-05-21 23:02:17.294 [warning] [GitFileSystemProvider][stat] File not found - git:/Users/andreaschneeweiss/Documents/centro-2026/diseno-digital/Anatomia_de_un_suelo/.git/COMMIT_EDITMSG.git?%7B%22path%22%3A%22%2FUsers%2Fandreaschneeweiss%2FDocuments%2Fcentro-2026%2Fdiseno-digital%2FAnatomia_de_un_suelo%2F.git%2FCOMMIT_EDITMSG%22%2C%22ref%22%3A%22%22%7D
2026-05-21 23:02:17.613 [info] > git check-ignore -v -z --stdin [7ms]
2026-05-21 23:04:43.848 [info] > git config --get commit.template [10ms]
2026-05-21 23:04:43.850 [info] > git for-each-ref --format=%(refname)%00%(upstream:short)%00%(objectname)%00%(upstream:track)%00%(upstream:remotename)%00%(upstream:remoteref) --ignore-case refs/heads/main refs/remotes/main [11ms]
2026-05-21 23:04:43.858 [info] > git for-each-ref --sort -committerdate --format %(refname)%00%(objectname)%00%(*objectname) [7ms]
2026-05-21 23:04:43.858 [info] > git status -z -uall [7ms]
2026-05-21 23:04:43.871 [info] > git diff --cached -- .DS_Store [8ms]
2026-05-21 23:04:43.880 [info] > git diff --cached -- index.html [8ms]
2026-05-21 23:04:43.887 [info] > git log --format=%H%n%aN%n%aE%n%at%n%ct%n%P%n%D%n%B -z -n5 [6ms]
2026-05-21 23:04:43.892 [info] > git config --get --local user.name [4ms]
2026-05-21 23:04:43.892 [warning] [Git][config] git config failed: Failed to execute git
2026-05-21 23:04:43.898 [info] > git log --format=%H%n%aN%n%aE%n%at%n%ct%n%P%n%D%n%B -z -n5 [5ms]
2026-05-21 23:04:44.178 [info] > git check-ignore -v -z --stdin [10ms]
2026-05-21 23:04:54.718 [info] > git log --format=%H%n%aN%n%aE%n%at%n%ct%n%P%n%D%n%B -z --shortstat --diff-merges=first-parent -n50 --skip=0 --topo-order --decorate=full --stdin [55ms]
2026-05-21 23:04:55.245 [info] > git merge-base main origin/main [12ms]
2026-05-21 23:05:18.365 [info] > git log --format=%H%n%aN%n%aE%n%at%n%ct%n%P%n%D%n%B -z --shortstat --diff-merges=first-parent -n50 --skip=0 --topo-order --decorate=full --stdin [48ms]
2026-05-21 23:05:18.918 [info] > git merge-base main origin/main [14ms]
2026-05-21 23:05:31.819 [info] > git log --format=%H%n%aN%n%aE%n%at%n%ct%n%P%n%D%n%B -z --shortstat --diff-merges=first-parent -n50 --skip=0 --topo-order --decorate=full --stdin [40ms]
2026-05-21 23:05:32.429 [info] > git merge-base main origin/main [13ms]
2026-05-21 23:05:35.006 [info] > git check-ignore -v -z --stdin [8ms]
2026-05-21 23:05:35.017 [info] > git ls-files --stage -- grid.html [6ms]
2026-05-21 23:05:35.020 [info] > git show --textconv :grid.html [10ms]
2026-05-21 23:05:35.026 [info] > git cat-file -s 885795eb874e772c1fc34447de59a010b84ca2cc [6ms]
2026-05-21 23:05:35.044 [info] > git blame --root --incremental 0e86a0e79d289b7f1d2cd02feef81e4971883fd0 -- grid.html [8ms]
2026-05-21 23:05:39.042 [info] > git check-ignore -v -z --stdin [9ms]
2026-05-21 23:05:39.051 [info] > git ls-files --stage -- index.html [6ms]
2026-05-21 23:05:39.052 [info] > git show --textconv :index.html [8ms]
2026-05-21 23:05:39.052 [info] > git show --textconv HEAD:index.html [7ms]
2026-05-21 23:05:39.052 [info] > git ls-tree -l HEAD -- index.html [6ms]
2026-05-21 23:05:39.058 [info] > git cat-file -s f349a386e22eb735fa5ca2e92be60aa193f78ea6 [6ms]
2026-05-21 23:05:42.230 [info] > git check-ignore -v -z --stdin [7ms]
2026-05-21 23:05:42.239 [info] > git ls-files --stage -- grid.html [6ms]
2026-05-21 23:05:42.240 [info] > git show --textconv :grid.html [8ms]
2026-05-21 23:05:42.246 [info] > git cat-file -s 885795eb874e772c1fc34447de59a010b84ca2cc [6ms]
2026-05-21 23:06:05.394 [info] > git log --format=%H%n%aN%n%aE%n%at%n%ct%n%P%n%D%n%B -z --shortstat --diff-merges=first-parent -n50 --skip=0 --topo-order --decorate=full --stdin [46ms]
2026-05-21 23:06:05.978 [info] > git merge-base main origin/main [12ms]
2026-05-22 12:15:41.845 [info] > git check-ignore -v -z --stdin [20ms]
2026-05-22 12:15:41.856 [info] > git ls-files --stage -- index.html [8ms]
2026-05-22 12:15:41.858 [info] > git ls-tree -l HEAD -- index.html [9ms]
2026-05-22 12:15:41.860 [info] > git show --textconv :index.html [12ms]
2026-05-22 12:15:41.860 [info] > git show --textconv HEAD:index.html [12ms]
2026-05-22 12:15:41.864 [info] > git cat-file -s f349a386e22eb735fa5ca2e92be60aa193f78ea6 [7ms]
2026-05-22 13:01:56.194 [info] > git check-ignore -v -z --stdin [21ms]
2026-05-22 13:01:56.644 [info] > git check-ignore -v -z --stdin [7ms]
2026-05-22 13:05:22.590 [info] > git check-ignore -v -z --stdin [14ms]
2026-05-22 13:05:22.599 [info] > git ls-files --stage -- css/style.css [7ms]
2026-05-22 13:05:22.602 [info] > git show --textconv :css/style.css [10ms]
2026-05-22 13:05:22.605 [info] > git cat-file -s b6978ca8d893b5484b1d98ec2a85692aac70fc33 [6ms]
2026-05-22 13:05:22.620 [info] > git blame --root --incremental 0e86a0e79d289b7f1d2cd02feef81e4971883fd0 -- css/style.css [10ms]
2026-05-22 13:06:03.158 [info] > git check-ignore -v -z --stdin [15ms]
2026-05-22 13:06:03.167 [info] > git ls-files --stage -- index.html [6ms]
2026-05-22 13:06:03.168 [info] > git show --textconv :index.html [8ms]
2026-05-22 13:06:03.169 [info] > git show --textconv HEAD:index.html [8ms]
2026-05-22 13:06:03.169 [info] > git ls-tree -l HEAD -- index.html [7ms]
2026-05-22 13:06:03.174 [info] > git cat-file -s f349a386e22eb735fa5ca2e92be60aa193f78ea6 [6ms]
2026-05-22 13:06:18.174 [info] > git check-ignore -v -z --stdin [7ms]
2026-05-22 13:06:19.218 [info] > git check-ignore -v -z --stdin [6ms]
2026-05-22 13:06:20.269 [info] > git check-ignore -v -z --stdin [6ms]
2026-05-22 13:06:21.299 [info] > git check-ignore -v -z --stdin [10ms]
2026-05-22 13:06:22.323 [info] > git check-ignore -v -z --stdin [6ms]
2026-05-22 13:06:23.349 [info] > git check-ignore -v -z --stdin [6ms]
2026-05-22 13:06:24.526 [info] > git check-ignore -v -z --stdin [11ms]
2026-05-22 13:06:38.483 [info] > git check-ignore -v -z --stdin [16ms]
2026-05-22 13:06:39.543 [info] > git check-ignore -v -z --stdin [6ms]
2026-05-22 13:06:40.568 [info] > git check-ignore -v -z --stdin [8ms]
2026-05-22 13:06:46.081 [info] > git check-ignore -v -z --stdin [10ms]
2026-05-22 13:06:49.543 [info] > git check-ignore -v -z --stdin [9ms]
2026-05-22 13:06:51.652 [info] > git check-ignore -v -z --stdin [9ms]
2026-05-22 13:06:57.443 [info] > git check-ignore -v -z --stdin [18ms]
2026-05-22 13:07:11.217 [info] > git check-ignore -v -z --stdin [12ms]
2026-05-22 13:07:12.245 [info] > git check-ignore -v -z --stdin [7ms]
2026-05-22 13:08:06.577 [info] > git check-ignore -v -z --stdin [15ms]
2026-05-22 13:08:08.741 [info] > git check-ignore -v -z --stdin [13ms]
2026-05-22 13:08:10.722 [info] > git check-ignore -v -z --stdin [15ms]
2026-05-22 13:08:23.498 [info] > git check-ignore -v -z --stdin [17ms]
2026-05-22 13:08:24.535 [info] > git check-ignore -v -z --stdin [6ms]
2026-05-22 13:08:25.558 [info] > git check-ignore -v -z --stdin [5ms]
2026-05-22 13:08:27.374 [info] > git check-ignore -v -z --stdin [14ms]
2026-05-22 13:08:28.409 [info] > git check-ignore -v -z --stdin [5ms]
2026-05-22 13:15:09.671 [info] > git check-ignore -v -z --stdin [23ms]
2026-05-22 13:15:12.448 [info] > git check-ignore -v -z --stdin [15ms]
2026-05-22 13:15:14.069 [info] > git check-ignore -v -z --stdin [6ms]
2026-05-22 13:15:15.106 [info] > git check-ignore -v -z --stdin [10ms]
2026-05-22 13:15:16.146 [info] > git check-ignore -v -z --stdin [12ms]
2026-05-22 13:15:17.174 [info] > git check-ignore -v -z --stdin [8ms]
2026-05-22 13:15:18.199 [info] > git check-ignore -v -z --stdin [6ms]
2026-05-22 13:15:19.315 [info] > git check-ignore -v -z --stdin [7ms]
2026-05-22 13:15:20.342 [info] > git check-ignore -v -z --stdin [6ms]
2026-05-22 13:15:21.364 [info] > git check-ignore -v -z --stdin [6ms]
2026-05-22 13:15:36.578 [info] > git check-ignore -v -z --stdin [19ms]
2026-05-22 13:15:37.613 [info] > git check-ignore -v -z --stdin [5ms]
2026-05-22 13:15:38.637 [info] > git check-ignore -v -z --stdin [6ms]
2026-05-22 13:15:39.664 [info] > git check-ignore -v -z --stdin [8ms]
2026-05-22 13:18:55.638 [info] > git check-ignore -v -z --stdin [21ms]
2026-05-22 13:18:56.343 [info] > git check-ignore -v -z --stdin [11ms]
2026-05-22 13:24:55.129 [info] > git check-ignore -v -z --stdin [22ms]
2026-05-22 13:24:55.761 [info] > git check-ignore -v -z --stdin [9ms]
2026-05-22 13:26:16.542 [info] > git check-ignore -v -z --stdin [20ms]
2026-05-22 13:26:22.404 [info] > git check-ignore -v -z --stdin [11ms]
2026-05-22 13:26:29.537 [info] > git check-ignore -v -z --stdin [9ms]
2026-05-22 13:26:29.546 [info] > git ls-files --stage -- index.html [6ms]
2026-05-22 13:26:29.550 [info] > git show --textconv :index.html [11ms]
2026-05-22 13:26:29.550 [info] > git ls-tree -l HEAD -- index.html [9ms]
2026-05-22 13:26:29.551 [info] > git show --textconv HEAD:index.html [11ms]
2026-05-22 13:26:29.554 [info] > git cat-file -s f349a386e22eb735fa5ca2e92be60aa193f78ea6 [7ms]
2026-05-22 13:27:12.134 [info] > git check-ignore -v -z --stdin [15ms]
2026-05-22 13:27:15.206 [info] > git check-ignore -v -z --stdin [15ms]
2026-05-22 13:27:28.072 [info] > git check-ignore -v -z --stdin [16ms]
2026-05-22 13:29:08.676 [info] > git check-ignore -v -z --stdin [10ms]
2026-05-22 13:29:08.684 [info] > git ls-files --stage -- css/style.css [6ms]
2026-05-22 13:29:08.685 [info] > git show --textconv :css/style.css [7ms]
2026-05-22 13:29:08.689 [info] > git cat-file -s b6978ca8d893b5484b1d98ec2a85692aac70fc33 [5ms]
2026-05-22 13:29:19.511 [info] > git check-ignore -v -z --stdin [12ms]
2026-05-22 13:29:19.521 [info] > git ls-files --stage -- index.html [7ms]
2026-05-22 13:29:19.522 [info] > git show --textconv :index.html [9ms]
2026-05-22 13:29:19.522 [info] > git show --textconv HEAD:index.html [9ms]
2026-05-22 13:29:19.523 [info] > git ls-tree -l HEAD -- index.html [9ms]
2026-05-22 13:29:19.528 [info] > git cat-file -s f349a386e22eb735fa5ca2e92be60aa193f78ea6 [6ms]
2026-05-22 13:30:07.314 [info] > git check-ignore -v -z --stdin [15ms]
2026-05-22 13:30:46.125 [info] > git check-ignore -v -z --stdin [19ms]
2026-05-22 13:30:47.173 [info] > git check-ignore -v -z --stdin [6ms]
2026-05-22 13:31:30.124 [info] > git check-ignore -v -z --stdin [20ms]
2026-05-22 13:31:31.175 [info] > git check-ignore -v -z --stdin [6ms]
2026-05-22 13:32:08.520 [info] > git check-ignore -v -z --stdin [22ms]
2026-05-22 13:32:09.679 [info] > git check-ignore -v -z --stdin [9ms]
2026-05-22 13:32:11.731 [info] > git check-ignore -v -z --stdin [14ms]
2026-05-22 13:32:12.775 [info] > git check-ignore -v -z --stdin [7ms]
2026-05-22 13:32:54.138 [info] > git check-ignore -v -z --stdin [18ms]
2026-05-22 13:32:55.195 [info] > git check-ignore -v -z --stdin [7ms]
2026-05-22 13:32:56.226 [info] > git check-ignore -v -z --stdin [6ms]
2026-05-22 13:32:57.581 [info] > git check-ignore -v -z --stdin [15ms]
2026-05-22 13:32:58.618 [info] > git check-ignore -v -z --stdin [6ms]
2026-05-22 13:32:59.657 [info] > git check-ignore -v -z --stdin [7ms]
2026-05-22 13:33:07.391 [info] > git check-ignore -v -z --stdin [9ms]
2026-05-22 13:33:08.533 [info] > git check-ignore -v -z --stdin [14ms]
2026-05-22 13:33:11.494 [info] > git check-ignore -v -z --stdin [7ms]
2026-05-22 13:33:12.521 [info] > git check-ignore -v -z --stdin [6ms]
2026-05-22 13:34:16.463 [info] > git check-ignore -v -z --stdin [16ms]
2026-05-22 13:34:17.583 [info] > git check-ignore -v -z --stdin [7ms]
2026-05-22 13:34:32.209 [info] > git check-ignore -v -z --stdin [16ms]
2026-05-22 13:34:33.280 [info] > git check-ignore -v -z --stdin [5ms]
2026-05-22 13:34:34.922 [info] > git check-ignore -v -z --stdin [13ms]
2026-05-22 13:34:54.842 [info] > git check-ignore -v -z --stdin [18ms]
2026-05-22 13:34:57.514 [info] > git check-ignore -v -z --stdin [14ms]
2026-05-22 13:35:16.194 [info] > git check-ignore -v -z --stdin [19ms]
2026-05-22 13:35:17.342 [info] > git check-ignore -v -z --stdin [7ms]
2026-05-22 13:38:35.465 [info] > git check-ignore -v -z --stdin [12ms]
2026-05-22 13:38:40.764 [info] > git check-ignore -v -z --stdin [39ms]
2026-05-22 13:38:42.584 [info] > git check-ignore -v -z --stdin [13ms]
2026-05-22 13:39:05.678 [info] > git check-ignore -v -z --stdin [10ms]
2026-05-22 13:39:06.902 [info] > git check-ignore -v -z --stdin [6ms]
2026-05-22 13:39:07.958 [info] > git check-ignore -v -z --stdin [6ms]
2026-05-22 13:39:36.681 [info] > git check-ignore -v -z --stdin [15ms]
2026-05-22 13:39:37.745 [info] > git check-ignore -v -z --stdin [5ms]
2026-05-22 13:40:37.582 [info] > git check-ignore -v -z --stdin [13ms]
2026-05-22 13:40:38.745 [info] > git check-ignore -v -z --stdin [8ms]
2026-05-22 13:42:28.954 [info] > git check-ignore -v -z --stdin [29ms]
2026-05-22 13:42:40.103 [info] > git check-ignore -v -z --stdin [16ms]
2026-05-22 13:42:41.863 [info] > git check-ignore -v -z --stdin [14ms]
2026-05-22 13:44:12.566 [info] > git check-ignore -v -z --stdin [12ms]
2026-05-22 13:51:52.615 [info] > git check-ignore -v -z --stdin [25ms]
2026-05-22 13:51:53.094 [info] > git check-ignore -v -z --stdin [6ms]
2026-05-22 13:56:56.862 [info] > git check-ignore -v -z --stdin [22ms]
2026-05-22 13:56:57.978 [info] > git check-ignore -v -z --stdin [5ms]
2026-05-22 13:56:59.339 [info] > git check-ignore -v -z --stdin [15ms]
2026-05-22 13:57:00.438 [info] > git check-ignore -v -z --stdin [6ms]
2026-05-22 13:57:24.152 [info] > git check-ignore -v -z --stdin [14ms]
2026-05-22 13:57:25.221 [info] > git check-ignore -v -z --stdin [6ms]
2026-05-22 13:57:27.297 [info] > git check-ignore -v -z --stdin [8ms]
2026-05-22 13:57:28.639 [info] > git check-ignore -v -z --stdin [14ms]
2026-05-22 13:57:29.705 [info] > git check-ignore -v -z --stdin [8ms]
2026-05-22 13:57:30.757 [info] > git check-ignore -v -z --stdin [5ms]
2026-05-22 13:57:45.966 [info] > git check-ignore -v -z --stdin [10ms]
2026-05-22 13:57:47.037 [info] > git check-ignore -v -z --stdin [6ms]
2026-05-22 13:57:48.087 [info] > git check-ignore -v -z --stdin [6ms]
2026-05-22 13:57:49.138 [info] > git check-ignore -v -z --stdin [5ms]
2026-05-22 13:57:50.161 [info] > git check-ignore -v -z --stdin [6ms]
2026-05-22 14:43:08.170 [info] > git log --format=%H%n%aN%n%aE%n%at%n%ct%n%P%n%D%n%B -z --shortstat --diff-merges=first-parent -n50 --skip=0 --topo-order --decorate=full --stdin [49ms]
2026-05-22 14:43:08.751 [info] > git merge-base main origin/main [7ms]
2026-05-22 14:43:11.210 [info] > git config --get commit.template [9ms]
2026-05-22 14:43:11.210 [info] > git for-each-ref --format=%(refname)%00%(upstream:short)%00%(objectname)%00%(upstream:track)%00%(upstream:remotename)%00%(upstream:remoteref) --ignore-case refs/heads/main refs/remotes/main [8ms]
2026-05-22 14:43:11.220 [info] > git for-each-ref --sort -committerdate --format %(refname)%00%(objectname)%00%(*objectname) [7ms]
2026-05-22 14:43:11.221 [info] > git status -z -uall [9ms]
2026-05-22 14:43:11.238 [info] > git diff --cached -- .DS_Store [7ms]
2026-05-22 14:43:11.246 [info] > git diff --cached -- index.html [7ms]
2026-05-22 14:43:11.254 [info] > git log --format=%H%n%aN%n%aE%n%at%n%ct%n%P%n%D%n%B -z -n5 [6ms]
2026-05-22 14:43:11.260 [info] > git config --get --local user.name [5ms]
2026-05-22 14:43:11.260 [warning] [Git][config] git config failed: Failed to execute git
2026-05-22 14:43:11.266 [info] > git log --format=%H%n%aN%n%aE%n%at%n%ct%n%P%n%D%n%B -z -n5 [6ms]
2026-05-22 14:43:11.548 [info] > git check-ignore -v -z --stdin [11ms]
2026-05-22 14:44:29.074 [info] > git log --format=%H%n%aN%n%aE%n%at%n%ct%n%P%n%D%n%B -z --shortstat --diff-merges=first-parent -n50 --skip=0 --topo-order --decorate=full --stdin [40ms]
2026-05-22 14:44:29.603 [info] > git merge-base main origin/main [11ms]
2026-05-22 16:03:25.629 [info] > git check-ignore -v -z --stdin [25ms]
2026-05-22 16:03:30.075 [info] > git check-ignore -v -z --stdin [7ms]
2026-05-22 16:03:37.361 [info] > git log --format=%H%n%aN%n%aE%n%at%n%ct%n%P%n%D%n%B -z --shortstat --diff-merges=first-parent -n50 --skip=0 --topo-order --decorate=full --stdin [42ms]
2026-05-22 16:03:38.025 [info] > git merge-base main origin/main [13ms]
2026-05-22 16:07:04.845 [info] > git check-ignore -v -z --stdin [13ms]
2026-05-22 16:07:05.925 [info] > git check-ignore -v -z --stdin [5ms]
2026-05-22 16:07:38.073 [info] > git check-ignore -v -z --stdin [20ms]
2026-05-22 16:18:54.321 [info] > git check-ignore -v -z --stdin [14ms]
2026-05-22 16:18:54.329 [info] > git show --textconv :.git/COMMIT_EDITMSG [5ms]
2026-05-22 16:18:54.330 [warning] [GitFileSystemProvider][readFile] File not found - git:/Users/andreaschneeweiss/Documents/centro-2026/diseno-digital/Anatomia_de_un_suelo/.git/COMMIT_EDITMSG.git?%7B%22path%22%3A%22%2FUsers%2Fandreaschneeweiss%2FDocuments%2Fcentro-2026%2Fdiseno-digital%2FAnatomia_de_un_suelo%2F.git%2FCOMMIT_EDITMSG%22%2C%22ref%22%3A%22%22%7D
2026-05-22 16:18:54.331 [info] > git ls-files --stage -- .git/COMMIT_EDITMSG [7ms]
2026-05-22 16:18:54.331 [warning] [GitFileSystemProvider][stat] File not found - git:/Users/andreaschneeweiss/Documents/centro-2026/diseno-digital/Anatomia_de_un_suelo/.git/COMMIT_EDITMSG.git?%7B%22path%22%3A%22%2FUsers%2Fandreaschneeweiss%2FDocuments%2Fcentro-2026%2Fdiseno-digital%2FAnatomia_de_un_suelo%2F.git%2FCOMMIT_EDITMSG%22%2C%22ref%22%3A%22%22%7D
2026-05-22 16:19:18.009 [info] > git log --format=%H%n%aN%n%aE%n%at%n%ct%n%P%n%D%n%B -z --shortstat --diff-merges=first-parent -n50 --skip=0 --topo-order --decorate=full --stdin [54ms]
2026-05-22 16:19:18.588 [info] > git merge-base main origin/main [13ms]
2026-05-22 16:21:13.279 [info] > git check-ignore -v -z --stdin [11ms]
2026-05-22 16:21:15.906 [info] > git check-ignore -v -z --stdin [12ms]
2026-05-22 16:21:18.355 [info] > git check-ignore -v -z --stdin [6ms]
2026-05-22 16:21:20.644 [info] > git check-ignore -v -z --stdin [18ms]
2026-05-22 16:21:21.681 [info] > git check-ignore -v -z --stdin [6ms]
2026-05-22 16:21:22.707 [info] > git check-ignore -v -z --stdin [6ms]
2026-05-22 16:21:23.736 [info] > git check-ignore -v -z --stdin [6ms]
2026-05-22 16:21:24.762 [info] > git check-ignore -v -z --stdin [6ms]
2026-05-22 16:21:25.795 [info] > git check-ignore -v -z --stdin [5ms]
2026-05-22 16:21:26.827 [info] > git check-ignore -v -z --stdin [7ms]
2026-05-22 16:21:32.142 [info] > git check-ignore -v -z --stdin [15ms]
2026-05-22 16:21:33.364 [info] > git check-ignore -v -z --stdin [14ms]
2026-05-22 16:22:59.976 [info] > git log --format=%H%n%aN%n%aE%n%at%n%ct%n%P%n%D%n%B -z --shortstat --diff-merges=first-parent -n50 --skip=0 --topo-order --decorate=full --stdin [52ms]
2026-05-22 16:23:00.477 [info] > git merge-base main origin/main [10ms]
2026-05-22 16:23:30.343 [info] > git check-ignore -v -z --stdin [10ms]
2026-05-22 16:25:36.195 [info] > git check-ignore -v -z --stdin [17ms]
2026-05-22 16:25:37.123 [info] > git check-ignore -v -z --stdin [10ms]
2026-05-22 16:25:49.781 [info] > git log --format=%H%n%aN%n%aE%n%at%n%ct%n%P%n%D%n%B -z --shortstat --diff-merges=first-parent -n50 --skip=0 --topo-order --decorate=full --stdin [76ms]
2026-05-22 16:25:50.275 [info] > git merge-base main origin/main [13ms]
2026-05-22 16:38:18.195 [info] > git check-ignore -v -z --stdin [21ms]
2026-05-22 16:38:18.203 [info] > git ls-files --stage -- grid.html [5ms]
2026-05-22 16:38:18.206 [info] > git show --textconv :grid.html [9ms]
2026-05-22 16:38:18.210 [info] > git cat-file -s 885795eb874e772c1fc34447de59a010b84ca2cc [6ms]
2026-05-22 16:40:11.162 [info] > git check-ignore -v -z --stdin [11ms]
2026-05-22 16:40:11.171 [info] > git show --textconv :inv.html [7ms]
2026-05-22 16:40:11.172 [warning] [GitFileSystemProvider][readFile] File not found - git:/Users/andreaschneeweiss/Documents/centro-2026/diseno-digital/Anatomia_de_un_suelo/inv.html.git?%7B%22path%22%3A%22%2FUsers%2Fandreaschneeweiss%2FDocuments%2Fcentro-2026%2Fdiseno-digital%2FAnatomia_de_un_suelo%2Finv.html%22%2C%22ref%22%3A%22%22%7D
2026-05-22 16:40:11.172 [info] > git ls-files --stage -- inv.html [8ms]
2026-05-22 16:40:11.172 [warning] [GitFileSystemProvider][stat] File not found - git:/Users/andreaschneeweiss/Documents/centro-2026/diseno-digital/Anatomia_de_un_suelo/inv.html.git?%7B%22path%22%3A%22%2FUsers%2Fandreaschneeweiss%2FDocuments%2Fcentro-2026%2Fdiseno-digital%2FAnatomia_de_un_suelo%2Finv.html%22%2C%22ref%22%3A%22%22%7D
2026-05-22 16:40:11.459 [info] > git check-ignore -v -z --stdin [13ms]
2026-05-22 16:40:15.054 [info] > git check-ignore -v -z --stdin [6ms]
2026-05-22 16:40:15.065 [info] > git blame --root --incremental 0e86a0e79d289b7f1d2cd02feef81e4971883fd0 -- inv.html [8ms]
2026-05-22 16:40:15.065 [info] fatal: no such path inv.html in 0e86a0e79d289b7f1d2cd02feef81e4971883fd0
2026-05-22 16:40:25.570 [info] > git check-ignore -v -z --stdin [12ms]
2026-05-22 16:40:29.748 [info] > git check-ignore -v -z --stdin [7ms]
2026-05-22 16:40:30.994 [info] > git check-ignore -v -z --stdin [11ms]
2026-05-22 16:40:33.640 [info] > git check-ignore -v -z --stdin [15ms]
2026-05-22 16:40:40.651 [info] > git check-ignore -v -z --stdin [10ms]
2026-05-22 16:40:42.592 [info] > git check-ignore -v -z --stdin [5ms]
2026-05-22 16:40:46.744 [info] > git check-ignore -v -z --stdin [12ms]
2026-05-22 16:40:52.157 [info] > git check-ignore -v -z --stdin [10ms]
2026-05-22 16:40:54.512 [info] > git check-ignore -v -z --stdin [10ms]
2026-05-22 16:40:57.896 [info] > git check-ignore -v -z --stdin [9ms]
2026-05-22 16:40:59.816 [info] > git check-ignore -v -z --stdin [10ms]
2026-05-22 16:41:00.041 [info] > git check-ignore -v -z --stdin [15ms]
2026-05-22 16:41:00.345 [info] > git check-ignore -v -z --stdin [9ms]
2026-05-22 16:41:00.829 [info] > git check-ignore -v -z --stdin [8ms]
2026-05-22 16:41:38.322 [info] > git check-ignore -v -z --stdin [15ms]
2026-05-22 16:42:12.178 [info] > git check-ignore -v -z --stdin [12ms]
2026-05-22 16:42:12.186 [info] > git show --textconv :inv.html [6ms]
2026-05-22 16:42:12.186 [info] > git ls-files --stage -- inv.html [5ms]
2026-05-22 16:42:12.187 [warning] [GitFileSystemProvider][stat] File not found - git:/Users/andreaschneeweiss/Documents/centro-2026/diseno-digital/Anatomia_de_un_suelo/inv.html.git?%7B%22path%22%3A%22%2FUsers%2Fandreaschneeweiss%2FDocuments%2Fcentro-2026%2Fdiseno-digital%2FAnatomia_de_un_suelo%2Finv.html%22%2C%22ref%22%3A%22%22%7D
2026-05-22 16:42:12.187 [warning] [GitFileSystemProvider][readFile] File not found - git:/Users/andreaschneeweiss/Documents/centro-2026/diseno-digital/Anatomia_de_un_suelo/inv.html.git?%7B%22path%22%3A%22%2FUsers%2Fandreaschneeweiss%2FDocuments%2Fcentro-2026%2Fdiseno-digital%2FAnatomia_de_un_suelo%2Finv.html%22%2C%22ref%22%3A%22%22%7D
2026-05-22 16:42:30.621 [info] > git check-ignore -v -z --stdin [12ms]
2026-05-22 16:42:30.630 [info] > git show --textconv :investigacion.html [7ms]
2026-05-22 16:42:30.630 [warning] [GitFileSystemProvider][readFile] File not found - git:/Users/andreaschneeweiss/Documents/centro-2026/diseno-digital/Anatomia_de_un_suelo/investigacion.html.git?%7B%22path%22%3A%22%2FUsers%2Fandreaschneeweiss%2FDocuments%2Fcentro-2026%2Fdiseno-digital%2FAnatomia_de_un_suelo%2Finvestigacion.html%22%2C%22ref%22%3A%22%22%7D
2026-05-22 16:42:30.631 [info] > git ls-files --stage -- investigacion.html [7ms]
2026-05-22 16:42:30.631 [warning] [GitFileSystemProvider][stat] File not found - git:/Users/andreaschneeweiss/Documents/centro-2026/diseno-digital/Anatomia_de_un_suelo/investigacion.html.git?%7B%22path%22%3A%22%2FUsers%2Fandreaschneeweiss%2FDocuments%2Fcentro-2026%2Fdiseno-digital%2FAnatomia_de_un_suelo%2Finvestigacion.html%22%2C%22ref%22%3A%22%22%7D
2026-05-22 16:42:30.922 [info] > git check-ignore -v -z --stdin [17ms]
2026-05-22 16:54:59.568 [info] > git check-ignore -v -z --stdin [18ms]
2026-05-22 16:54:59.576 [info] > git ls-files --stage -- grid.html [5ms]
2026-05-22 16:54:59.579 [info] > git show --textconv :grid.html [9ms]
2026-05-22 16:54:59.582 [info] > git cat-file -s 885795eb874e772c1fc34447de59a010b84ca2cc [5ms]
2026-05-22 16:55:43.909 [info] > git check-ignore -v -z --stdin [12ms]
2026-05-22 16:55:44.206 [info] > git check-ignore -v -z --stdin [8ms]
2026-05-22 16:55:44.491 [info] > git check-ignore -v -z --stdin [10ms]
2026-05-22 16:55:44.945 [info] > git check-ignore -v -z --stdin [8ms]
2026-05-22 16:55:46.116 [info] > git check-ignore -v -z --stdin [7ms]
2026-05-22 16:55:46.441 [info] > git check-ignore -v -z --stdin [12ms]
2026-05-22 16:55:47.679 [info] > git check-ignore -v -z --stdin [17ms]
2026-05-22 16:55:47.981 [info] > git check-ignore -v -z --stdin [12ms]
2026-05-22 16:55:49.913 [info] > git check-ignore -v -z --stdin [9ms]
2026-05-22 16:56:13.898 [info] > git check-ignore -v -z --stdin [19ms]
2026-05-22 16:56:14.120 [info] > git check-ignore -v -z --stdin [14ms]
2026-05-22 16:56:14.424 [info] > git check-ignore -v -z --stdin [16ms]
2026-05-22 16:56:14.749 [info] > git check-ignore -v -z --stdin [6ms]
2026-05-22 16:56:15.221 [info] > git check-ignore -v -z --stdin [8ms]
2026-05-22 16:56:15.634 [info] > git check-ignore -v -z --stdin [15ms]
2026-05-22 16:56:15.910 [info] > git check-ignore -v -z --stdin [14ms]
2026-05-22 16:56:16.187 [info] > git check-ignore -v -z --stdin [12ms]
2026-05-22 16:56:17.846 [info] > git check-ignore -v -z --stdin [9ms]
2026-05-22 16:57:55.842 [info] > git check-ignore -v -z --stdin [11ms]
2026-05-22 16:57:55.850 [info] > git ls-files --stage -- grid.html [5ms]
2026-05-22 16:57:55.851 [info] > git show --textconv :grid.html [7ms]
2026-05-22 16:57:55.856 [info] > git cat-file -s 885795eb874e772c1fc34447de59a010b84ca2cc [5ms]
2026-05-22 16:58:29.204 [info] > git check-ignore -v -z --stdin [23ms]
2026-05-22 16:58:30.370 [info] > git check-ignore -v -z --stdin [7ms]
2026-05-22 17:02:18.613 [info] > git check-ignore -v -z --stdin [14ms]
2026-05-22 17:02:18.621 [info] > git show --textconv :readme.md [6ms]
2026-05-22 17:02:18.621 [info] > git ls-files --stage -- readme.md [6ms]
2026-05-22 17:02:18.622 [warning] [GitFileSystemProvider][stat] File not found - git:/Users/andreaschneeweiss/Documents/centro-2026/diseno-digital/Anatomia_de_un_suelo/readme.md.git?%7B%22path%22%3A%22%2FUsers%2Fandreaschneeweiss%2FDocuments%2Fcentro-2026%2Fdiseno-digital%2FAnatomia_de_un_suelo%2Freadme.md%22%2C%22ref%22%3A%22%22%7D
2026-05-22 17:02:18.623 [warning] [GitFileSystemProvider][readFile] File not found - git:/Users/andreaschneeweiss/Documents/centro-2026/diseno-digital/Anatomia_de_un_suelo/readme.md.git?%7B%22path%22%3A%22%2FUsers%2Fandreaschneeweiss%2FDocuments%2Fcentro-2026%2Fdiseno-digital%2FAnatomia_de_un_suelo%2Freadme.md%22%2C%22ref%22%3A%22%22%7D
2026-05-22 17:02:24.904 [info] > git check-ignore -v -z --stdin [13ms]
2026-05-22 17:02:24.913 [info] > git ls-files --stage -- frottages.html [7ms]
2026-05-22 17:02:24.914 [warning] [GitFileSystemProvider][stat] File not found - git:/Users/andreaschneeweiss/Documents/centro-2026/diseno-digital/Anatomia_de_un_suelo/frottages.html.git?%7B%22path%22%3A%22%2FUsers%2Fandreaschneeweiss%2FDocuments%2Fcentro-2026%2Fdiseno-digital%2FAnatomia_de_un_suelo%2Ffrottages.html%22%2C%22ref%22%3A%22%22%7D
2026-05-22 17:02:24.914 [info] > git show --textconv :frottages.html [8ms]
2026-05-22 17:02:24.914 [warning] [GitFileSystemProvider][readFile] File not found - git:/Users/andreaschneeweiss/Documents/centro-2026/diseno-digital/Anatomia_de_un_suelo/frottages.html.git?%7B%22path%22%3A%22%2FUsers%2Fandreaschneeweiss%2FDocuments%2Fcentro-2026%2Fdiseno-digital%2FAnatomia_de_un_suelo%2Ffrottages.html%22%2C%22ref%22%3A%22%22%7D
2026-05-22 17:02:25.202 [info] > git check-ignore -v -z --stdin [14ms]
2026-05-22 17:02:27.111 [info] > git check-ignore -v -z --stdin [8ms]
2026-05-22 17:02:27.120 [info] > git blame --root --incremental 0e86a0e79d289b7f1d2cd02feef81e4971883fd0 -- frottages.html [8ms]
2026-05-22 17:02:27.120 [info] fatal: no such path frottages.html in 0e86a0e79d289b7f1d2cd02feef81e4971883fd0
2026-05-22 17:05:35.302 [info] > git check-ignore -v -z --stdin [14ms]
2026-05-22 17:05:38.902 [info] > git check-ignore -v -z --stdin [13ms]
2026-05-22 17:05:40.380 [info] > git check-ignore -v -z --stdin [9ms]
2026-05-22 17:05:40.937 [info] > git check-ignore -v -z --stdin [14ms]
2026-05-22 17:05:41.251 [info] > git check-ignore -v -z --stdin [13ms]
2026-05-22 17:05:42.885 [info] > git check-ignore -v -z --stdin [18ms]
2026-05-22 17:05:43.208 [info] > git check-ignore -v -z --stdin [10ms]
2026-05-22 17:05:43.532 [info] > git check-ignore -v -z --stdin [11ms]
2026-05-22 17:05:46.001 [info] > git check-ignore -v -z --stdin [9ms]
2026-05-22 17:05:57.637 [info] > git check-ignore -v -z --stdin [11ms]
2026-05-22 17:05:59.652 [info] > git check-ignore -v -z --stdin [15ms]
2026-05-22 17:07:51.588 [info] > git check-ignore -v -z --stdin [25ms]
2026-05-22 17:07:52.136 [info] > git check-ignore -v -z --stdin [9ms]
2026-05-22 17:34:10.894 [info] > git check-ignore -v -z --stdin [23ms]
2026-05-22 17:34:14.137 [info] > git check-ignore -v -z --stdin [8ms]
2026-05-22 17:34:14.726 [info] > git check-ignore -v -z --stdin [14ms]
2026-05-22 17:34:15.938 [info] > git check-ignore -v -z --stdin [16ms]
2026-05-22 17:37:39.024 [info] > git check-ignore -v -z --stdin [16ms]
2026-05-22 17:38:25.567 [info] > git check-ignore -v -z --stdin [18ms]
2026-05-22 17:41:45.210 [info] > git check-ignore -v -z --stdin [16ms]
2026-05-22 17:42:15.299 [info] > git check-ignore -v -z --stdin [14ms]
2026-05-22 17:42:16.373 [info] > git check-ignore -v -z --stdin [12ms]
2026-05-22 17:43:03.772 [info] > git check-ignore -v -z --stdin [18ms]
2026-05-22 17:43:56.804 [info] > git check-ignore -v -z --stdin [11ms]
2026-05-22 17:43:57.268 [info] > git check-ignore -v -z --stdin [12ms]
2026-05-22 17:43:57.828 [info] > git check-ignore -v -z --stdin [7ms]
2026-05-22 17:43:58.190 [info] > git check-ignore -v -z --stdin [13ms]
2026-05-22 17:43:59.638 [info] > git check-ignore -v -z --stdin [16ms]
2026-05-22 17:44:35.803 [info] > git check-ignore -v -z --stdin [20ms]
2026-05-22 17:44:36.678 [info] > git check-ignore -v -z --stdin [13ms]
2026-05-22 17:44:38.581 [info] > git check-ignore -v -z --stdin [16ms]
2026-05-22 17:44:41.989 [info] > git check-ignore -v -z --stdin [12ms]
2026-05-22 17:45:28.554 [info] > git check-ignore -v -z --stdin [25ms]
2026-05-22 17:45:30.431 [info] > git check-ignore -v -z --stdin [7ms]
2026-05-22 17:45:31.664 [info] > git check-ignore -v -z --stdin [13ms]
2026-05-22 17:46:46.855 [info] > git check-ignore -v -z --stdin [20ms]
2026-05-22 17:46:51.128 [info] > git check-ignore -v -z --stdin [15ms]
2026-05-22 17:47:16.135 [info] > git check-ignore -v -z --stdin [19ms]
2026-05-22 17:47:16.545 [info] > git check-ignore -v -z --stdin [6ms]
2026-05-22 17:48:39.143 [info] > git check-ignore -v -z --stdin [15ms]
2026-05-22 17:48:39.800 [info] > git check-ignore -v -z --stdin [16ms]
2026-05-22 17:48:40.201 [info] > git check-ignore -v -z --stdin [13ms]
2026-05-22 17:48:40.600 [info] > git check-ignore -v -z --stdin [10ms]
2026-05-22 17:48:40.962 [info] > git check-ignore -v -z --stdin [15ms]
2026-05-22 17:49:44.220 [info] > git check-ignore -v -z --stdin [13ms]
2026-05-22 17:49:45.950 [info] > git check-ignore -v -z --stdin [10ms]
2026-05-22 17:49:46.838 [info] > git check-ignore -v -z --stdin [14ms]
2026-05-22 17:49:49.017 [info] > git check-ignore -v -z --stdin [16ms]
2026-05-22 17:49:49.951 [info] > git check-ignore -v -z --stdin [12ms]
2026-05-22 17:49:51.619 [info] > git check-ignore -v -z --stdin [20ms]
2026-05-22 17:50:25.954 [info] > git check-ignore -v -z --stdin [13ms]
2026-05-22 17:50:26.581 [info] > git check-ignore -v -z --stdin [13ms]
2026-05-22 17:50:37.622 [info] > git check-ignore -v -z --stdin [17ms]
2026-05-22 17:50:38.099 [info] > git check-ignore -v -z --stdin [15ms]
2026-05-22 17:50:38.325 [info] > git check-ignore -v -z --stdin [7ms]
2026-05-22 17:50:51.324 [info] > git check-ignore -v -z --stdin [79ms]
2026-05-22 17:50:51.495 [info] > git check-ignore -v -z --stdin [10ms]
2026-05-22 17:51:12.325 [info] > git check-ignore -v -z --stdin [43ms]
2026-05-22 17:51:12.582 [info] > git check-ignore -v -z --stdin [14ms]
2026-05-22 18:01:46.650 [info] > git check-ignore -v -z --stdin [19ms]
2026-05-22 18:01:48.025 [info] > git check-ignore -v -z --stdin [16ms]
2026-05-22 18:01:49.400 [info] > git check-ignore -v -z --stdin [16ms]
2026-05-22 18:01:50.099 [info] > git check-ignore -v -z --stdin [10ms]
2026-05-22 18:01:50.780 [info] > git check-ignore -v -z --stdin [7ms]
2026-05-22 18:01:51.241 [info] > git check-ignore -v -z --stdin [15ms]
2026-05-22 18:01:51.746 [info] > git check-ignore -v -z --stdin [8ms]
2026-05-22 18:01:52.725 [info] > git check-ignore -v -z --stdin [24ms]
2026-05-22 18:02:27.885 [info] > git check-ignore -v -z --stdin [19ms]
2026-05-22 18:02:34.420 [info] > git check-ignore -v -z --stdin [14ms]
2026-05-22 18:02:35.332 [info] > git check-ignore -v -z --stdin [10ms]
2026-05-22 18:02:37.437 [info] > git check-ignore -v -z --stdin [14ms]
2026-05-22 18:02:38.583 [info] > git check-ignore -v -z --stdin [17ms]
2026-05-22 18:02:43.073 [info] > git check-ignore -v -z --stdin [12ms]
2026-05-22 18:02:44.267 [info] > git check-ignore -v -z --stdin [10ms]
2026-05-22 18:02:44.512 [info] > git check-ignore -v -z --stdin [13ms]
2026-05-22 18:03:00.769 [info] > git check-ignore -v -z --stdin [21ms]
2026-05-22 18:03:01.505 [info] > git check-ignore -v -z --stdin [13ms]
2026-05-22 18:03:19.575 [info] > git check-ignore -v -z --stdin [22ms]
2026-05-22 18:03:19.801 [info] > git check-ignore -v -z --stdin [12ms]
2026-05-22 18:03:34.617 [info] > git check-ignore -v -z --stdin [20ms]
2026-05-22 18:03:36.044 [info] > git check-ignore -v -z --stdin [15ms]
2026-05-22 18:03:37.636 [info] > git check-ignore -v -z --stdin [14ms]
2026-05-22 18:03:38.498 [info] > git check-ignore -v -z --stdin [16ms]
2026-05-22 18:03:57.904 [info] > git check-ignore -v -z --stdin [11ms]
2026-05-22 18:03:58.180 [info] > git check-ignore -v -z --stdin [14ms]
2026-05-22 18:04:10.681 [info] > git check-ignore -v -z --stdin [16ms]
2026-05-22 18:04:11.456 [info] > git check-ignore -v -z --stdin [14ms]
2026-05-22 18:04:26.943 [info] > git check-ignore -v -z --stdin [18ms]
2026-05-22 18:04:27.629 [info] > git check-ignore -v -z --stdin [6ms]
2026-05-22 18:04:28.478 [info] > git check-ignore -v -z --stdin [14ms]
2026-05-22 18:04:28.684 [info] > git check-ignore -v -z --stdin [7ms]
2026-05-22 18:04:29.300 [info] > git check-ignore -v -z --stdin [7ms]
2026-05-22 18:04:31.573 [info] > git check-ignore -v -z --stdin [13ms]
2026-05-22 18:04:32.005 [info] > git check-ignore -v -z --stdin [15ms]
2026-05-22 18:04:33.809 [info] > git check-ignore -v -z --stdin [17ms]
2026-05-22 18:04:51.678 [info] > git check-ignore -v -z --stdin [20ms]
2026-05-22 18:04:52.842 [info] > git check-ignore -v -z --stdin [12ms]
2026-05-22 18:04:54.160 [info] > git check-ignore -v -z --stdin [15ms]
2026-05-22 18:04:54.561 [info] > git check-ignore -v -z --stdin [9ms]
2026-05-22 18:04:55.366 [info] > git check-ignore -v -z --stdin [9ms]
2026-05-22 18:04:55.629 [info] > git check-ignore -v -z --stdin [14ms]
2026-05-22 18:04:56.859 [info] > git check-ignore -v -z --stdin [14ms]
2026-05-22 18:06:39.285 [info] > git check-ignore -v -z --stdin [17ms]
2026-05-22 18:07:20.139 [info] > git check-ignore -v -z --stdin [19ms]
2026-05-22 18:14:30.040 [info] > git check-ignore -v -z --stdin [11ms]
2026-05-22 18:14:30.049 [info] > git ls-files --stage -- index.html [6ms]
2026-05-22 18:14:30.052 [info] > git ls-tree -l HEAD -- index.html [8ms]
2026-05-22 18:14:30.053 [info] > git show --textconv :index.html [11ms]
2026-05-22 18:14:30.053 [info] > git show --textconv HEAD:index.html [10ms]
2026-05-22 18:14:30.055 [info] > git cat-file -s f349a386e22eb735fa5ca2e92be60aa193f78ea6 [5ms]
2026-05-22 18:15:34.539 [info] > git check-ignore -v -z --stdin [13ms]
2026-05-22 18:15:35.288 [info] > git check-ignore -v -z --stdin [9ms]
2026-05-22 18:16:22.540 [info] > git check-ignore -v -z --stdin [16ms]
2026-05-22 18:16:23.633 [info] > git check-ignore -v -z --stdin [6ms]
2026-05-22 18:16:24.719 [info] > git check-ignore -v -z --stdin [5ms]
2026-05-22 18:17:00.075 [info] > git check-ignore -v -z --stdin [19ms]
2026-05-22 18:17:01.134 [info] > git check-ignore -v -z --stdin [6ms]
2026-05-22 18:17:22.694 [info] > git check-ignore -v -z --stdin [20ms]
2026-05-22 18:17:23.756 [info] > git check-ignore -v -z --stdin [7ms]
2026-05-22 18:17:24.794 [info] > git check-ignore -v -z --stdin [5ms]
2026-05-22 18:17:32.453 [info] > git check-ignore -v -z --stdin [11ms]
2026-05-22 18:17:33.494 [info] > git check-ignore -v -z --stdin [6ms]
2026-05-22 18:17:34.535 [info] > git check-ignore -v -z --stdin [6ms]
2026-05-22 18:17:39.323 [info] > git check-ignore -v -z --stdin [19ms]
2026-05-22 18:17:40.696 [info] > git check-ignore -v -z --stdin [12ms]
2026-05-22 18:17:41.757 [info] > git check-ignore -v -z --stdin [6ms]
2026-05-22 18:17:42.809 [info] > git check-ignore -v -z --stdin [5ms]
2026-05-22 18:17:43.875 [info] > git check-ignore -v -z --stdin [5ms]
2026-05-22 18:17:49.403 [info] > git check-ignore -v -z --stdin [20ms]
2026-05-22 18:17:50.516 [info] > git check-ignore -v -z --stdin [7ms]
2026-05-22 18:18:54.698 [info] > git check-ignore -v -z --stdin [15ms]
2026-05-22 18:18:55.808 [info] > git check-ignore -v -z --stdin [7ms]
2026-05-22 18:19:07.633 [info] > git check-ignore -v -z --stdin [18ms]
2026-05-22 18:19:08.694 [info] > git check-ignore -v -z --stdin [5ms]
2026-05-22 18:20:25.110 [info] > git log --format=%H%n%aN%n%aE%n%at%n%ct%n%P%n%D%n%B -z --shortstat --diff-merges=first-parent -n50 --skip=0 --topo-order --decorate=full --stdin [48ms]
2026-05-22 18:20:25.681 [info] > git merge-base main origin/main [9ms]
2026-05-22 18:20:50.752 [info] > git ls-files --stage -- index.html [8ms]
2026-05-22 18:20:50.753 [info] > git show --textconv :index.html [10ms]
2026-05-22 18:20:50.759 [info] > git cat-file -s f349a386e22eb735fa5ca2e92be60aa193f78ea6 [6ms]
2026-05-22 18:20:51.921 [info] > git check-ignore -v -z --stdin [8ms]
2026-05-22 18:20:51.929 [info] > git ls-files --stage -- index.html [5ms]
2026-05-22 18:20:51.929 [info] > git show --textconv :index.html [6ms]
2026-05-22 18:20:51.930 [info] > git ls-tree -l HEAD -- index.html [6ms]
2026-05-22 18:20:51.931 [info] > git show --textconv HEAD:index.html [8ms]
2026-05-22 18:20:51.935 [info] > git cat-file -s f349a386e22eb735fa5ca2e92be60aa193f78ea6 [6ms]
2026-05-22 18:21:33.858 [info] > git config --get commit.template [13ms]
2026-05-22 18:21:33.861 [info] > git for-each-ref --format=%(refname)%00%(upstream:short)%00%(objectname)%00%(upstream:track)%00%(upstream:remotename)%00%(upstream:remoteref) --ignore-case refs/heads/main refs/remotes/main [13ms]
2026-05-22 18:21:33.871 [info] > git for-each-ref --sort -committerdate --format %(refname)%00%(objectname)%00%(*objectname) [9ms]
2026-05-22 18:21:33.873 [info] > git status -z -uall [11ms]
2026-05-22 18:21:33.884 [info] > git diff --cached -- .DS_Store [7ms]
2026-05-22 18:21:33.892 [info] > git diff --cached -- index.html [7ms]
2026-05-22 18:21:33.900 [info] > git log --format=%H%n%aN%n%aE%n%at%n%ct%n%P%n%D%n%B -z -n5 [6ms]
2026-05-22 18:21:33.907 [info] > git config --get --local user.name [6ms]
2026-05-22 18:21:33.907 [warning] [Git][config] git config failed: Failed to execute git
2026-05-22 18:21:33.913 [info] > git log --format=%H%n%aN%n%aE%n%at%n%ct%n%P%n%D%n%B -z -n5 [6ms]
2026-05-22 18:21:39.048 [info] > git check-ignore -v -z --stdin [13ms]
2026-05-22 18:22:03.054 [info] > git check-ignore -v -z --stdin [17ms]
2026-05-22 18:22:03.062 [info] > git ls-files --stage -- index.html [5ms]
2026-05-22 18:22:03.063 [info] > git show --textconv :index.html [7ms]
2026-05-22 18:22:03.063 [info] > git ls-tree -l HEAD -- index.html [6ms]
2026-05-22 18:22:03.063 [info] > git show --textconv HEAD:index.html [7ms]
2026-05-22 18:22:03.068 [info] > git cat-file -s f349a386e22eb735fa5ca2e92be60aa193f78ea6 [5ms]
2026-05-23 10:52:30.805 [info] > git ls-files --stage -- index.html [5122ms]
2026-05-23 10:52:30.820 [info] > git ls-files --stage -- index.html [5146ms]
2026-05-23 10:52:32.087 [info] > git cat-file -s f349a386e22eb735fa5ca2e92be60aa193f78ea6 [1265ms]
2026-05-23 10:52:32.089 [info] > git cat-file -s f349a386e22eb735fa5ca2e92be60aa193f78ea6 [1279ms]
2026-05-23 10:52:32.105 [info] > git show --textconv :index.html [12ms]
2026-05-23 10:52:32.106 [info] > git show --textconv :index.html [14ms]
2026-05-23 10:52:32.123 [info] > git ls-files --stage -- index.html [8ms]
2026-05-23 10:52:32.124 [info] > git ls-files --stage -- index.html [7ms]
2026-05-23 10:52:32.129 [info] > git cat-file -s f349a386e22eb735fa5ca2e92be60aa193f78ea6 [6ms]
2026-05-23 10:52:32.131 [info] > git cat-file -s f349a386e22eb735fa5ca2e92be60aa193f78ea6 [7ms]
2026-05-23 10:52:34.093 [info] > git ls-tree -l HEAD -- index.html [8412ms]
2026-05-23 10:52:34.117 [info] > git show --textconv HEAD:index.html [15ms]
2026-05-23 10:52:34.130 [info] > git ls-tree -l HEAD -- index.html [10ms]
2026-05-23 22:20:52.081 [info] > git check-ignore -v -z --stdin [6961ms]
2026-05-23 22:20:52.086 [info] > git check-ignore -v -z --stdin [4501ms]
2026-05-23 22:21:00.425 [info] > git check-ignore -v -z --stdin [19ms]
2026-05-23 22:21:04.554 [info] > git check-ignore -v -z --stdin [16ms]
2026-05-23 22:29:57.965 [info] > git check-ignore -v -z --stdin [23ms]
2026-05-23 22:47:28.751 [info] > git check-ignore -v -z --stdin [14ms]
2026-05-23 22:47:38.360 [info] > git check-ignore -v -z --stdin [12ms]
2026-05-23 22:47:38.373 [info] > git ls-files --stage -- index.html [7ms]
2026-05-23 22:47:38.638 [info] > git check-ignore -v -z --stdin [7ms]
2026-05-23 22:47:40.426 [info] > git cat-file -s f349a386e22eb735fa5ca2e92be60aa193f78ea6 [2052ms]
2026-05-23 22:47:40.429 [info] > git show --textconv :index.html [2064ms]
2026-05-23 22:47:43.724 [info] > git show --textconv HEAD:index.html [5358ms]
2026-05-23 22:47:43.732 [info] > git ls-tree -l HEAD -- index.html [5365ms]
2026-05-23 22:47:44.906 [info] > git check-ignore -v -z --stdin [9ms]
2026-05-23 22:47:45.473 [info] > git check-ignore -v -z --stdin [5ms]
2026-05-23 22:49:50.055 [info] > git log --format=%H%n%aN%n%aE%n%at%n%ct%n%P%n%D%n%B -z --shortstat --diff-merges=first-parent -n50 --skip=0 --topo-order --decorate=full --stdin [69274ms]
2026-05-23 22:49:50.666 [info] > git merge-base main origin/main [21ms]
2026-05-23 22:49:50.711 [info] > git log --format=%H%n%aN%n%aE%n%at%n%ct%n%P%n%D%n%B -z --shortstat --diff-merges=first-parent -n50 --skip=0 --topo-order --decorate=full --stdin [32ms]
2026-05-23 22:49:50.950 [info] > git merge-base main origin/main [15ms]
2026-05-23 23:05:25.207 [info] > git check-ignore -v -z --stdin [13ms]
2026-05-23 23:07:26.095 [info] > git check-ignore -v -z --stdin [20ms]
2026-05-23 23:12:57.381 [info] > git check-ignore -v -z --stdin [14ms]
2026-05-23 23:55:45.374 [info] > git log --format=%H%n%aN%n%aE%n%at%n%ct%n%P%n%D%n%B -z --shortstat --diff-merges=first-parent -n50 --skip=0 --topo-order --decorate=full --stdin [58ms]
2026-05-23 23:55:46.007 [info] > git merge-base main origin/main [9ms]
2026-05-23 23:57:18.389 [info] > git log --format=%H%n%aN%n%aE%n%at%n%ct%n%P%n%D%n%B -z --shortstat --diff-merges=first-parent -n50 --skip=0 --topo-order --decorate=full --stdin [54ms]
2026-05-23 23:57:18.876 [info] > git merge-base main origin/main [12ms]
